<?xml version="1.0" encoding="UTF-8"?>
<testsuite xmlns:xsi="http://www.w3.org/2001/XMLSchema-instance" xsi:noNamespaceSchemaLocation="https://maven.apache.org/surefire/maven-surefire-plugin/xsd/surefire-test-report.xsd" name="com.scoopen.Authenticate.PerfornAuthanticateTest" time="5.081" tests="6" errors="0" skipped="0" failures="0">
  <properties>
    <property name="sun.desktop" value="windows"/>
    <property name="awt.toolkit" value="sun.awt.windows.WToolkit"/>
    <property name="file.encoding.pkg" value="sun.io"/>
    <property name="java.specification.version" value="1.8"/>
    <property name="sun.cpu.isalist" value="pentium_pro+mmx pentium_pro pentium+mmx pentium i486 i386 i86"/>
    <property name="sun.jnu.encoding" value="Cp1252"/>
    <property name="java.class.path" value="D:\latest java\EndtoEndYogeshSir\target\test-classes;D:\latest java\EndtoEndYogeshSir\target\classes;C:\Users\smart\.m2\repository\org\testng\testng\6.9.10\testng-6.9.10.jar;C:\Users\smart\.m2\repository\com\beust\jcommander\1.48\jcommander-1.48.jar;C:\Users\smart\.m2\repository\org\beanshell\bsh\2.0b4\bsh-2.0b4.jar;C:\Users\smart\.m2\repository\org\apache\poi\poi-ooxml\3.17\poi-ooxml-3.17.jar;C:\Users\smart\.m2\repository\org\apache\poi\poi\3.17\poi-3.17.jar;C:\Users\smart\.m2\repository\commons-codec\commons-codec\1.10\commons-codec-1.10.jar;C:\Users\smart\.m2\repository\org\apache\commons\commons-collections4\4.1\commons-collections4-4.1.jar;C:\Users\smart\.m2\repository\org\apache\poi\poi-ooxml-schemas\3.17\poi-ooxml-schemas-3.17.jar;C:\Users\smart\.m2\repository\org\apache\xmlbeans\xmlbeans\2.6.0\xmlbeans-2.6.0.jar;C:\Users\smart\.m2\repository\stax\stax-api\1.0.1\stax-api-1.0.1.jar;C:\Users\smart\.m2\repository\com\github\virtuald\curvesapi\1.04\curvesapi-1.04.jar;C:\Users\smart\.m2\repository\org\hibernate\hibernate-core\5.2.16.Final\hibernate-core-5.2.16.Final.jar;C:\Users\smart\.m2\repository\org\jboss\logging\jboss-logging\3.3.1.Final\jboss-logging-3.3.1.Final.jar;C:\Users\smart\.m2\repository\org\hibernate\javax\persistence\hibernate-jpa-2.1-api\1.0.0.Final\hibernate-jpa-2.1-api-1.0.0.Final.jar;C:\Users\smart\.m2\repository\org\javassist\javassist\3.22.0-GA\javassist-3.22.0-GA.jar;C:\Users\smart\.m2\repository\antlr\antlr\2.7.7\antlr-2.7.7.jar;C:\Users\smart\.m2\repository\org\jboss\spec\javax\transaction\jboss-transaction-api_1.2_spec\1.0.1.Final\jboss-transaction-api_1.2_spec-1.0.1.Final.jar;C:\Users\smart\.m2\repository\org\jboss\jandex\2.0.3.Final\jandex-2.0.3.Final.jar;C:\Users\smart\.m2\repository\com\fasterxml\classmate\1.3.0\classmate-1.3.0.jar;C:\Users\smart\.m2\repository\dom4j\dom4j\1.6.1\dom4j-1.6.1.jar;C:\Users\smart\.m2\repository\org\hibernate\common\hibernate-commons-annotations\5.0.1.Final\hibernate-commons-annotations-5.0.1.Final.jar;C:\Users\smart\.m2\repository\junit\junit\4.11\junit-4.11.jar;C:\Users\smart\.m2\repository\org\hamcrest\hamcrest-core\1.3\hamcrest-core-1.3.jar;C:\Users\smart\.m2\repository\org\apache\maven\surefire\surefire-testng-utils\2.22.0\surefire-testng-utils-2.22.0.jar;C:\Users\smart\.m2\repository\org\apache\maven\surefire\surefire-grouper\2.22.0\surefire-grouper-2.22.0.jar;"/>
    <property name="java.vm.vendor" value="Oracle Corporation"/>
    <property name="sun.arch.data.model" value="32"/>
    <property name="user.variant" value=""/>
    <property name="java.vendor.url" value="http://java.oracle.com/"/>
    <property name="user.timezone" value="Asia/Calcutta"/>
    <property name="java.vm.specification.version" value="1.8"/>
    <property name="os.name" value="Windows 7"/>
    <property name="user.country" value="US"/>
    <property name="sun.java.launcher" value="SUN_STANDARD"/>
    <property name="sun.boot.library.path" value="C:\Program Files\Java\jdk1.8.0_151\jre\bin"/>
    <property name="sun.java.command" value="C:\Users\smart\AppData\Local\Temp\surefire8240483129127392950\surefirebooter3132053352847105251.jar C:\Users\smart\AppData\Local\Temp\surefire8240483129127392950 2018-07-18T16-44-11_553-jvmRun1 surefire6322519671141836384tmp surefire_08130827393886314915tmp"/>
    <property name="surefire.test.class.path" value="D:\latest java\EndtoEndYogeshSir\target\test-classes;D:\latest java\EndtoEndYogeshSir\target\classes;C:\Users\smart\.m2\repository\org\testng\testng\6.9.10\testng-6.9.10.jar;C:\Users\smart\.m2\repository\com\beust\jcommander\1.48\jcommander-1.48.jar;C:\Users\smart\.m2\repository\org\beanshell\bsh\2.0b4\bsh-2.0b4.jar;C:\Users\smart\.m2\repository\org\apache\poi\poi-ooxml\3.17\poi-ooxml-3.17.jar;C:\Users\smart\.m2\repository\org\apache\poi\poi\3.17\poi-3.17.jar;C:\Users\smart\.m2\repository\commons-codec\commons-codec\1.10\commons-codec-1.10.jar;C:\Users\smart\.m2\repository\org\apache\commons\commons-collections4\4.1\commons-collections4-4.1.jar;C:\Users\smart\.m2\repository\org\apache\poi\poi-ooxml-schemas\3.17\poi-ooxml-schemas-3.17.jar;C:\Users\smart\.m2\repository\org\apache\xmlbeans\xmlbeans\2.6.0\xmlbeans-2.6.0.jar;C:\Users\smart\.m2\repository\stax\stax-api\1.0.1\stax-api-1.0.1.jar;C:\Users\smart\.m2\repository\com\github\virtuald\curvesapi\1.04\curvesapi-1.04.jar;C:\Users\smart\.m2\repository\org\hibernate\hibernate-core\5.2.16.Final\hibernate-core-5.2.16.Final.jar;C:\Users\smart\.m2\repository\org\jboss\logging\jboss-logging\3.3.1.Final\jboss-logging-3.3.1.Final.jar;C:\Users\smart\.m2\repository\org\hibernate\javax\persistence\hibernate-jpa-2.1-api\1.0.0.Final\hibernate-jpa-2.1-api-1.0.0.Final.jar;C:\Users\smart\.m2\repository\org\javassist\javassist\3.22.0-GA\javassist-3.22.0-GA.jar;C:\Users\smart\.m2\repository\antlr\antlr\2.7.7\antlr-2.7.7.jar;C:\Users\smart\.m2\repository\org\jboss\spec\javax\transaction\jboss-transaction-api_1.2_spec\1.0.1.Final\jboss-transaction-api_1.2_spec-1.0.1.Final.jar;C:\Users\smart\.m2\repository\org\jboss\jandex\2.0.3.Final\jandex-2.0.3.Final.jar;C:\Users\smart\.m2\repository\com\fasterxml\classmate\1.3.0\classmate-1.3.0.jar;C:\Users\smart\.m2\repository\dom4j\dom4j\1.6.1\dom4j-1.6.1.jar;C:\Users\smart\.m2\repository\org\hibernate\common\hibernate-commons-annotations\5.0.1.Final\hibernate-commons-annotations-5.0.1.Final.jar;C:\Users\smart\.m2\repository\junit\junit\4.11\junit-4.11.jar;C:\Users\smart\.m2\repository\org\hamcrest\hamcrest-core\1.3\hamcrest-core-1.3.jar;C:\Users\smart\.m2\repository\org\apache\maven\surefire\surefire-testng-utils\2.22.0\surefire-testng-utils-2.22.0.jar;C:\Users\smart\.m2\repository\org\apache\maven\surefire\surefire-grouper\2.22.0\surefire-grouper-2.22.0.jar;"/>
    <property name="sun.cpu.endian" value="little"/>
    <property name="user.home" value="C:\Users\smart"/>
    <property name="user.language" value="en"/>
    <property name="java.specification.vendor" value="Oracle Corporation"/>
    <property name="java.home" value="C:\Program Files\Java\jdk1.8.0_151\jre"/>
    <property name="basedir" value="D:\latest java\EndtoEndYogeshSir"/>
    <property name="file.separator" value="\"/>
    <property name="line.separator" value="&#10;"/>
    <property name="java.vm.specification.vendor" value="Oracle Corporation"/>
    <property name="java.specification.name" value="Java Platform API Specification"/>
    <property name="java.awt.graphicsenv" value="sun.awt.Win32GraphicsEnvironment"/>
    <property name="surefire.real.class.path" value="C:\Users\smart\AppData\Local\Temp\surefire8240483129127392950\surefirebooter3132053352847105251.jar"/>
    <property name="sun.boot.class.path" value="C:\Program Files\Java\jdk1.8.0_151\jre\lib\resources.jar;C:\Program Files\Java\jdk1.8.0_151\jre\lib\rt.jar;C:\Program Files\Java\jdk1.8.0_151\jre\lib\sunrsasign.jar;C:\Program Files\Java\jdk1.8.0_151\jre\lib\jsse.jar;C:\Program Files\Java\jdk1.8.0_151\jre\lib\jce.jar;C:\Program Files\Java\jdk1.8.0_151\jre\lib\charsets.jar;C:\Program Files\Java\jdk1.8.0_151\jre\lib\jfr.jar;C:\Program Files\Java\jdk1.8.0_151\jre\classes"/>
    <property name="user.script" value=""/>
    <property name="sun.management.compiler" value="HotSpot Client Compiler"/>
    <property name="java.runtime.version" value="1.8.0_151-b12"/>
    <property name="user.name" value="smart"/>
    <property name="path.separator" value=";"/>
    <property name="os.version" value="6.1"/>
    <property name="java.endorsed.dirs" value="C:\Program Files\Java\jdk1.8.0_151\jre\lib\endorsed"/>
    <property name="java.runtime.name" value="Java(TM) SE Runtime Environment"/>
    <property name="file.encoding" value="Cp1252"/>
    <property name="java.vm.name" value="Java HotSpot(TM) Client VM"/>
    <property name="localRepository" value="C:\Users\smart\.m2\repository"/>
    <property name="java.vendor.url.bug" value="http://bugreport.sun.com/bugreport/"/>
    <property name="java.io.tmpdir" value="C:\Users\smart\AppData\Local\Temp\"/>
    <property name="java.version" value="1.8.0_151"/>
    <property name="user.dir" value="D:\latest java\EndtoEndYogeshSir"/>
    <property name="os.arch" value="x86"/>
    <property name="java.vm.specification.name" value="Java Virtual Machine Specification"/>
    <property name="java.awt.printerjob" value="sun.awt.windows.WPrinterJob"/>
    <property name="sun.os.patch.level" value=""/>
    <property name="java.library.path" value="C:\Program Files\Java\jdk1.8.0_151\jre\bin;C:\Windows\Sun\Java\bin;C:\Windows\system32;C:\Windows;C:/Program Files/Java/jdk1.8.0_151/bin/../jre/bin/client;C:/Program Files/Java/jdk1.8.0_151/bin/../jre/bin;C:/Program Files/Java/jdk1.8.0_151/bin/../jre/lib/i386;C:\Program Files\Google\Chrome\Application;C:\Windows\System32;C:\Program Files\Java\jdk1.8.0_151\bin;C:\Program Files\apache-maven-3.3.9-bin\apache-maven-3.3.9\bin;C:\Program Files\Git\cmd;C:\Program Files\Java\jdk1.8.0_151\bin;C:\Program Files\apache-maven-3.3.9-bin\apache-maven-3.3.9\bin;E:\eclipse-jee-neon-3-win32\eclipse;;."/>
    <property name="java.vm.info" value="mixed mode"/>
    <property name="java.vendor" value="Oracle Corporation"/>
    <property name="java.vm.version" value="25.151-b12"/>
    <property name="java.ext.dirs" value="C:\Program Files\Java\jdk1.8.0_151\jre\lib\ext;C:\Windows\Sun\Java\lib\ext"/>
    <property name="sun.io.unicode.encoding" value="UnicodeLittle"/>
    <property name="java.class.version" value="52.0"/>
  </properties>
  <testcase name="PerformLogic" classname="com.scoopen.Authenticate.PerfornAuthanticateTest" time="1.768"/>
  <testcase name="PerformLogic" classname="com.scoopen.Authenticate.PerfornAuthanticateTest" time="0.007"/>
  <testcase name="PerformLogic" classname="com.scoopen.Authenticate.PerfornAuthanticateTest" time="0.001"/>
  <testcase name="PerformLogic" classname="com.scoopen.Authenticate.PerfornAuthanticateTest" time="0"/>
  <testcase name="PerformLogic" classname="com.scoopen.Authenticate.PerfornAuthanticateTest" time="0"/>
  <testcase name="PerformLogic" classname="com.scoopen.Authenticate.PerfornAuthanticateTest" time="0"/>
</testsuite>