<?xml version="1.0" encoding="UTF-8"?>
<!-- Generated by org.testng.reporters.JUnitReportReporter -->
<testsuite hostname="smart-PC" name="com.scoopen.Authenticate.PerfornAuthanticateTest" tests="6" failures="0" timestamp="18 Jul 2018 11:14:25 GMT" time="1.768" errors="0">
  <testcase name="PerformLogic" time="0.000" classname="com.scoopen.Authenticate.PerfornAuthanticateTest"/>
  <testcase name="PerformLogic" time="0.000" classname="com.scoopen.Authenticate.PerfornAuthanticateTest"/>
  <testcase name="PerformLogic" time="0.000" classname="com.scoopen.Authenticate.PerfornAuthanticateTest"/>
  <testcase name="PerformLogic" time="0.001" classname="com.scoopen.Authenticate.PerfornAuthanticateTest"/>
  <testcase name="PerformLogic" time="0.000" classname="com.scoopen.Authenticate.PerfornAuthanticateTest"/>
  <testcase name="PerformLogic" time="1.767" classname="com.scoopen.Authenticate.PerfornAuthanticateTest"/>
</testsuite> <!-- com.scoopen.Authenticate.PerfornAuthanticateTest -->
